<?xml version="1.0" encoding="UTF-8"?>
<testsuite xmlns:xsi="http://www.w3.org/2001/XMLSchema-instance" xsi:noNamespaceSchemaLocation="https://maven.apache.org/surefire/maven-surefire-plugin/xsd/surefire-test-report-3.0.xsd" version="3.0" name="com.example.librarian.BookServiceIntegrationTest" time="120.694" tests="1" errors="0" skipped="0" failures="0">
  <properties>
[...]
</properties>
  <testcase name="checkoutAndReturnFlow" classname="com.example.librarian.BookServiceIntegrationTest" time="7.831">
    <system-out><![CDATA[14:04:32.520 [main] INFO org.springframework.test.context.support.AnnotationConfigContextLoaderUtils -- Could not detect default configuration classes for test class [com.example.librarian.BookServiceIntegrationTest]: BookServiceIntegrationTest does not declare any static, non-private, non-final, nested classes annotated with @Configuration.
14:04:33.496 [main] INFO org.springframework.boot.test.context.SpringBootTestContextBootstrapper -- Found @SpringBootConfiguration com.example.librarian.LibrarianApplication for test class com.example.librarian.BookServiceIntegrationTest
14:04:34.769 [main] INFO org.testcontainers.images.PullPolicy -- Image pull policy will be performed by: DefaultPullPolicy()
14:04:34.801 [main] INFO org.testcontainers.utility.ImageNameSubstitutor -- Image name substitution will be performed by: DefaultImageNameSubstitutor (composite of 'ConfigurationFileImageNameSubstitutor' and 'PrefixingImageNameSubstitutor')
14:04:34.893 [main] INFO org.testcontainers.DockerClientFactory -- Testcontainers version: 1.20.4
14:04:38.848 [main] INFO org.testcontainers.dockerclient.DockerClientProviderStrategy -- Loaded org.testcontainers.dockerclient.UnixSocketClientProviderStrategy from ~/.testcontainers.properties, will try it first
14:04:39.082 [main] WARN org.testcontainers.dockerclient.DockerClientProviderStrategy -- DOCKER_HOST tcp://localhost:2375 is not listening
java.net.ConnectException: Connection refused
	at java.base/sun.nio.ch.Net.connect0(Native Method)
	at java.base/sun.nio.ch.Net.connect(Net.java:589)
	at java.base/sun.nio.ch.Net.connect(Net.java:578)
	at java.base/sun.nio.ch.NioSocketImpl.connect(NioSocketImpl.java:583)
	at java.base/java.net.SocksSocketImpl.connect(SocksSocketImpl.java:327)
	at java.base/java.net.Socket.connect(Socket.java:751)
	at java.base/java.net.Socket.connect(Socket.java:686)
	at org.testcontainers.dockerclient.DockerClientProviderStrategy.lambda$test$3(DockerClientProviderStrategy.java:214)
	at org.testcontainers.shaded.org.awaitility.core.AssertionCondition.lambda$new$0(AssertionCondition.java:53)
	at org.testcontainers.shaded.org.awaitility.core.ConditionAwaiter$ConditionPoller.call(ConditionAwaiter.java:248)
	at org.testcontainers.shaded.org.awaitility.core.ConditionAwaiter$ConditionPoller.call(ConditionAwaiter.java:235)
	at java.base/java.util.concurrent.FutureTask.run(FutureTask.java:317)
	at java.base/java.util.concurrent.ThreadPoolExecutor.runWorker(ThreadPoolExecutor.java:1144)
	at java.base/java.util.concurrent.ThreadPoolExecutor$Worker.run(ThreadPoolExecutor.java:642)
	at java.base/java.lang.Thread.run(Thread.java:1583)
14:04:44.986 [main] INFO org.testcontainers.dockerclient.DockerClientProviderStrategy -- Found Docker environment with local Unix socket (unix:///var/run/docker.sock)
14:04:44.993 [main] INFO org.testcontainers.DockerClientFactory -- Docker host IP address is localhost
14:04:45.109 [main] INFO org.testcontainers.DockerClientFactory -- Connected to docker: 
  Server Version: 29.1.3
  API Version: 1.52
  Operating System: Docker Desktop
  Total Memory: 3815 MB
  Labels: 
    com.docker.desktop.address=unix:///var/run/docker-cli.sock
14:04:45.509 [main] INFO tc.testcontainers/ryuk:0.11.0 -- Creating container for image: testcontainers/ryuk:0.11.0
14:04:46.181 [main] INFO org.testcontainers.utility.RegistryAuthLocator -- Credential helper/store (docker-credential-desktop.exe) does not have credentials for https://index.docker.io/v1/
14:04:47.085 [main] INFO tc.testcontainers/ryuk:0.11.0 -- Container testcontainers/ryuk:0.11.0 is starting: 39f19ac2a500a49449228b2ebe5e2b1b7fefd99ca35d5de152cc35e39fb42806
14:04:48.996 [main] INFO tc.testcontainers/ryuk:0.11.0 -- Container testcontainers/ryuk:0.11.0 started in PT3.486894919S
14:04:49.019 [main] INFO org.testcontainers.utility.RyukResourceReaper -- Ryuk started - will monitor and terminate Testcontainers containers on JVM exit
14:04:49.019 [main] INFO org.testcontainers.DockerClientFactory -- Checking the system...
14:04:49.024 [main] INFO org.testcontainers.DockerClientFactory -- ✔︎ Docker server version should be at least 1.6.0
14:04:49.041 [main] INFO tc.mysql:8.0.34 -- Creating container for image: mysql:8.0.34
14:04:49.499 [main] INFO tc.mysql:8.0.34 -- Container mysql:8.0.34 is starting: c782376cb702a3116ea0c58a1f69a1bb5f2ab89b954eca985321d61156925359
14:04:50.322 [main] INFO tc.mysql:8.0.34 -- Waiting for database connection to become available at jdbc:mysql://localhost:56817/libdemo using query 'SELECT 1'
14:05:16.235 [main] INFO tc.mysql:8.0.34 -- Container mysql:8.0.34 started in PT27.193441307S
14:05:16.235 [main] INFO tc.mysql:8.0.34 -- Container is started (JDBC URL: jdbc:mysql://localhost:56817/libdemo)
14:05:16.237 [main] INFO tc.confluentinc/cp-kafka:7.4.0 -- Creating container for image: confluentinc/cp-kafka:7.4.0
14:05:16.453 [main] INFO tc.confluentinc/cp-kafka:7.4.0 -- Container confluentinc/cp-kafka:7.4.0 is starting: 53df209b8d137d6729bfc6f13c6e13f593c764dc7da228698aa4914b8d42295f
14:05:29.219 [main] INFO tc.confluentinc/cp-kafka:7.4.0 -- Container confluentinc/cp-kafka:7.4.0 started in PT12.981608321S

  .   ____          _            __ _ _
 /\\ / ___'_ __ _ _(_)_ __  __ _ \ \ \ \
( ( )\___ | '_ | '_| | '_ \/ _` | \ \ \ \
 \\/  ___)| |_)| | | | | || (_| |  ) ) ) )
  '  |____| .__|_| |_|_| |_\__, | / / / /
 =========|_|==============|___/=/_/_/_/
 :: Spring Boot ::               (v3.2.12)

2026-01-10T14:05:32.786Z DEBUG 3002 --- [librarian-app] [           main] com.zaxxer.hikari.HikariConfig           : HikariPool-1 - configuration:
2026-01-10T14:05:32.816Z DEBUG 3002 --- [librarian-app] [           main] com.zaxxer.hikari.HikariConfig           : allowPoolSuspension.............false
2026-01-10T14:05:32.817Z DEBUG 3002 --- [librarian-app] [           main] com.zaxxer.hikari.HikariConfig           : autoCommit......................true
2026-01-10T14:05:32.817Z DEBUG 3002 --- [librarian-app] [           main] com.zaxxer.hikari.HikariConfig           : catalog.........................none
2026-01-10T14:05:32.818Z DEBUG 3002 --- [librarian-app] [           main] com.zaxxer.hikari.HikariConfig           : connectionInitSql...............none
2026-01-10T14:05:32.818Z DEBUG 3002 --- [librarian-app] [           main] com.zaxxer.hikari.HikariConfig           : connectionTestQuery.............none
2026-01-10T14:05:32.821Z DEBUG 3002 --- [librarian-app] [           main] com.zaxxer.hikari.HikariConfig           : connectionTimeout...............30000
2026-01-10T14:05:32.822Z DEBUG 3002 --- [librarian-app] [           main] com.zaxxer.hikari.HikariConfig           : dataSource......................none
2026-01-10T14:05:32.822Z DEBUG 3002 --- [librarian-app] [           main] com.zaxxer.hikari.HikariConfig           : dataSourceClassName.............none
2026-01-10T14:05:32.823Z DEBUG 3002 --- [librarian-app] [           main] com.zaxxer.hikari.HikariConfig           : dataSourceJNDI..................none
2026-01-10T14:05:32.823Z DEBUG 3002 --- [librarian-app] [           main] com.zaxxer.hikari.HikariConfig           : dataSourceProperties............{password=<masked>}
2026-01-10T14:05:32.823Z DEBUG 3002 --- [librarian-app] [           main] com.zaxxer.hikari.HikariConfig           : driverClassName.................none
2026-01-10T14:05:32.823Z DEBUG 3002 --- [librarian-app] [           main] com.zaxxer.hikari.HikariConfig           : exceptionOverrideClassName......none
2026-01-10T14:05:32.824Z DEBUG 3002 --- [librarian-app] [           main] com.zaxxer.hikari.HikariConfig           : healthCheckProperties...........{}
2026-01-10T14:05:32.824Z DEBUG 3002 --- [librarian-app] [           main] com.zaxxer.hikari.HikariConfig           : healthCheckRegistry.............none
2026-01-10T14:05:32.824Z DEBUG 3002 --- [librarian-app] [           main] com.zaxxer.hikari.HikariConfig           : idleTimeout.....................600000
2026-01-10T14:05:32.824Z DEBUG 3002 --- [librarian-app] [           main] com.zaxxer.hikari.HikariConfig           : initializationFailTimeout.......1
2026-01-10T14:05:32.825Z DEBUG 3002 --- [librarian-app] [           main] com.zaxxer.hikari.HikariConfig           : isolateInternalQueries..........false
2026-01-10T14:05:32.825Z DEBUG 3002 --- [librarian-app] [           main] com.zaxxer.hikari.HikariConfig           : jdbcUrl.........................jdbc:mysql://localhost:56817/libdemo?allowMultiQueries=true
2026-01-10T14:05:32.825Z DEBUG 3002 --- [librarian-app] [           main] com.zaxxer.hikari.HikariConfig           : keepaliveTime...................0
2026-01-10T14:05:32.825Z DEBUG 3002 --- [librarian-app] [           main] com.zaxxer.hikari.HikariConfig           : leakDetectionThreshold..........0
2026-01-10T14:05:32.825Z DEBUG 3002 --- [librarian-app] [           main] com.zaxxer.hikari.HikariConfig           : maxLifetime.....................1800000
2026-01-10T14:05:32.826Z DEBUG 3002 --- [librarian-app] [           main] com.zaxxer.hikari.HikariConfig           : maximumPoolSize.................10
2026-01-10T14:05:32.826Z DEBUG 3002 --- [librarian-app] [           main] com.zaxxer.hikari.HikariConfig           : metricRegistry..................none
2026-01-10T14:05:32.827Z DEBUG 3002 --- [librarian-app] [           main] com.zaxxer.hikari.HikariConfig           : metricsTrackerFactory...........none
2026-01-10T14:05:32.827Z DEBUG 3002 --- [librarian-app] [           main] com.zaxxer.hikari.HikariConfig           : minimumIdle.....................10
2026-01-10T14:05:32.827Z DEBUG 3002 --- [librarian-app] [           main] com.zaxxer.hikari.HikariConfig           : password........................<masked>
2026-01-10T14:05:32.827Z DEBUG 3002 --- [librarian-app] [           main] com.zaxxer.hikari.HikariConfig           : poolName........................"HikariPool-1"
2026-01-10T14:05:32.828Z DEBUG 3002 --- [librarian-app] [           main] com.zaxxer.hikari.HikariConfig           : readOnly........................false
2026-01-10T14:05:32.829Z DEBUG 3002 --- [librarian-app] [           main] com.zaxxer.hikari.HikariConfig           : registerMbeans..................false
2026-01-10T14:05:32.830Z DEBUG 3002 --- [librarian-app] [           main] com.zaxxer.hikari.HikariConfig           : scheduledExecutor...............none
2026-01-10T14:05:32.831Z DEBUG 3002 --- [librarian-app] [           main] com.zaxxer.hikari.HikariConfig           : schema..........................none
2026-01-10T14:05:32.831Z DEBUG 3002 --- [librarian-app] [           main] com.zaxxer.hikari.HikariConfig           : threadFactory...................internal
2026-01-10T14:05:32.832Z DEBUG 3002 --- [librarian-app] [           main] com.zaxxer.hikari.HikariConfig           : transactionIsolation............default
2026-01-10T14:05:32.832Z DEBUG 3002 --- [librarian-app] [           main] com.zaxxer.hikari.HikariConfig           : username........................"root"
2026-01-10T14:05:32.832Z DEBUG 3002 --- [librarian-app] [           main] com.zaxxer.hikari.HikariConfig           : validationTimeout...............5000
2026-01-10T14:05:32.833Z  INFO 3002 --- [librarian-app] [           main] com.zaxxer.hikari.HikariDataSource       : HikariPool-1 - Starting...
2026-01-10T14:05:32.911Z DEBUG 3002 --- [librarian-app] [           main] c.zaxxer.hikari.util.DriverDataSource    : Loaded driver with class name com.mysql.cj.jdbc.Driver for jdbcUrl=jdbc:mysql://localhost:56817/libdemo?allowMultiQueries=true
2026-01-10T14:05:33.647Z  INFO 3002 --- [librarian-app] [           main] com.zaxxer.hikari.pool.HikariPool        : HikariPool-1 - Added connection com.mysql.cj.jdbc.ConnectionImpl@53747c4a
2026-01-10T14:05:33.682Z  INFO 3002 --- [librarian-app] [           main] com.zaxxer.hikari.HikariDataSource       : HikariPool-1 - Start completed.
2026-01-10T14:05:33.783Z DEBUG 3002 --- [librarian-app] [l-1 housekeeper] com.zaxxer.hikari.pool.HikariPool        : HikariPool-1 - Pool stats (total=1, active=1, idle=0, waiting=0)
2026-01-10T14:05:33.871Z DEBUG 3002 --- [librarian-app] [onnection adder] com.zaxxer.hikari.pool.HikariPool        : HikariPool-1 - Added connection com.mysql.cj.jdbc.ConnectionImpl@30bf0a70
2026-01-10T14:05:33.939Z DEBUG 3002 --- [librarian-app] [onnection adder] com.zaxxer.hikari.pool.HikariPool        : HikariPool-1 - Added connection com.mysql.cj.jdbc.ConnectionImpl@7182004b
2026-01-10T14:05:34.010Z DEBUG 3002 --- [librarian-app] [onnection adder] com.zaxxer.hikari.pool.HikariPool        : HikariPool-1 - Added connection com.mysql.cj.jdbc.ConnectionImpl@40b994c6
2026-01-10T14:05:34.080Z DEBUG 3002 --- [librarian-app] [onnection adder] com.zaxxer.hikari.pool.HikariPool        : HikariPool-1 - Added connection com.mysql.cj.jdbc.ConnectionImpl@11adff04
2026-01-10T14:05:34.166Z DEBUG 3002 --- [librarian-app] [onnection adder] com.zaxxer.hikari.pool.HikariPool        : HikariPool-1 - Added connection com.mysql.cj.jdbc.ConnectionImpl@15e30210
2026-01-10T14:05:34.232Z DEBUG 3002 --- [librarian-app] [onnection adder] com.zaxxer.hikari.pool.HikariPool        : HikariPool-1 - Added connection com.mysql.cj.jdbc.ConnectionImpl@4cc51fd
2026-01-10T14:05:34.294Z DEBUG 3002 --- [librarian-app] [onnection adder] com.zaxxer.hikari.pool.HikariPool        : HikariPool-1 - Added connection com.mysql.cj.jdbc.ConnectionImpl@267855a1
2026-01-10T14:05:34.343Z DEBUG 3002 --- [librarian-app] [onnection adder] com.zaxxer.hikari.pool.HikariPool        : HikariPool-1 - Added connection com.mysql.cj.jdbc.ConnectionImpl@34128287
2026-01-10T14:05:34.403Z DEBUG 3002 --- [librarian-app] [onnection adder] com.zaxxer.hikari.pool.HikariPool        : HikariPool-1 - Added connection com.mysql.cj.jdbc.ConnectionImpl@4ab5bc53
2026-01-10T14:05:34.413Z DEBUG 3002 --- [librarian-app] [onnection adder] com.zaxxer.hikari.pool.HikariPool        : HikariPool-1 - After adding stats (total=10, active=1, idle=9, waiting=0)
>>> Test Databases Initialized via script
2026-01-10T14:05:34.927Z  INFO 3002 --- [librarian-app] [           main] com.zaxxer.hikari.HikariDataSource       : HikariPool-1 - Shutdown initiated...
2026-01-10T14:05:34.928Z DEBUG 3002 --- [librarian-app] [           main] com.zaxxer.hikari.pool.HikariPool        : HikariPool-1 - Before shutdown stats (total=10, active=0, idle=10, waiting=0)
2026-01-10T14:05:34.935Z DEBUG 3002 --- [librarian-app] [nnection closer] com.zaxxer.hikari.pool.PoolBase          : HikariPool-1 - Closing connection com.mysql.cj.jdbc.ConnectionImpl@53747c4a: (connection evicted)
2026-01-10T14:05:34.941Z DEBUG 3002 --- [librarian-app] [nnection closer] com.zaxxer.hikari.pool.PoolBase          : HikariPool-1 - Closing connection com.mysql.cj.jdbc.ConnectionImpl@30bf0a70: (connection evicted)
2026-01-10T14:05:34.945Z DEBUG 3002 --- [librarian-app] [nnection closer] com.zaxxer.hikari.pool.PoolBase          : HikariPool-1 - Closing connection com.mysql.cj.jdbc.ConnectionImpl@7182004b: (connection evicted)
2026-01-10T14:05:34.947Z DEBUG 3002 --- [librarian-app] [nnection closer] com.zaxxer.hikari.pool.PoolBase          : HikariPool-1 - Closing connection com.mysql.cj.jdbc.ConnectionImpl@40b994c6: (connection evicted)
2026-01-10T14:05:34.948Z DEBUG 3002 --- [librarian-app] [nnection closer] com.zaxxer.hikari.pool.PoolBase          : HikariPool-1 - Closing connection com.mysql.cj.jdbc.ConnectionImpl@11adff04: (connection evicted)
2026-01-10T14:05:34.951Z DEBUG 3002 --- [librarian-app] [nnection closer] com.zaxxer.hikari.pool.PoolBase          : HikariPool-1 - Closing connection com.mysql.cj.jdbc.ConnectionImpl@15e30210: (connection evicted)
2026-01-10T14:05:34.953Z DEBUG 3002 --- [librarian-app] [nnection closer] com.zaxxer.hikari.pool.PoolBase          : HikariPool-1 - Closing connection com.mysql.cj.jdbc.ConnectionImpl@4cc51fd: (connection evicted)
2026-01-10T14:05:34.958Z DEBUG 3002 --- [librarian-app] [nnection closer] com.zaxxer.hikari.pool.PoolBase          : HikariPool-1 - Closing connection com.mysql.cj.jdbc.ConnectionImpl@267855a1: (connection evicted)
2026-01-10T14:05:34.959Z DEBUG 3002 --- [librarian-app] [nnection closer] com.zaxxer.hikari.pool.PoolBase          : HikariPool-1 - Closing connection com.mysql.cj.jdbc.ConnectionImpl@34128287: (connection evicted)
2026-01-10T14:05:34.962Z DEBUG 3002 --- [librarian-app] [nnection closer] com.zaxxer.hikari.pool.PoolBase          : HikariPool-1 - Closing connection com.mysql.cj.jdbc.ConnectionImpl@4ab5bc53: (connection evicted)
2026-01-10T14:05:34.964Z DEBUG 3002 --- [librarian-app] [           main] com.zaxxer.hikari.pool.HikariPool        : HikariPool-1 - After shutdown stats (total=0, active=0, idle=0, waiting=0)
2026-01-10T14:05:34.964Z  INFO 3002 --- [librarian-app] [           main] com.zaxxer.hikari.HikariDataSource       : HikariPool-1 - Shutdown completed.
2026-01-10T14:05:35.022Z  INFO 3002 --- [librarian-app] [           main] c.e.l.BookServiceIntegrationTest         : Starting BookServiceIntegrationTest using Java 21.0.9 with PID 3002 (started by eelan in /mnt/c/Users/Zeelan/Librarian)
2026-01-10T14:05:35.024Z  INFO 3002 --- [librarian-app] [           main] c.e.l.BookServiceIntegrationTest         : The following 1 profile is active: "multidb"
2026-01-10T14:05:39.222Z  INFO 3002 --- [librarian-app] [           main] .s.d.r.c.RepositoryConfigurationDelegate : Bootstrapping Spring Data JPA repositories in DEFAULT mode.
2026-01-10T14:05:39.795Z  INFO 3002 --- [librarian-app] [           main] .s.d.r.c.RepositoryConfigurationDelegate : Finished Spring Data repository scanning in 517 ms. Found 4 JPA repository interfaces.
2026-01-10T14:05:39.802Z  INFO 3002 --- [librarian-app] [           main] .s.d.r.c.RepositoryConfigurationDelegate : Bootstrapping Spring Data JPA repositories in DEFAULT mode.
2026-01-10T14:05:39.957Z  INFO 3002 --- [librarian-app] [           main] .s.d.r.c.RepositoryConfigurationDelegate : Finished Spring Data repository scanning in 154 ms. Found 1 JPA repository interface.
2026-01-10T14:05:47.456Z  INFO 3002 --- [librarian-app] [           main] o.s.b.w.embedded.tomcat.TomcatWebServer  : Tomcat initialized with port 0 (http)
2026-01-10T14:05:47.559Z  INFO 3002 --- [librarian-app] [           main] o.apache.catalina.core.StandardService   : Starting service [Tomcat]
2026-01-10T14:05:47.559Z  INFO 3002 --- [librarian-app] [           main] o.apache.catalina.core.StandardEngine    : Starting Servlet engine: [Apache Tomcat/10.1.33]
2026-01-10T14:05:47.890Z  INFO 3002 --- [librarian-app] [           main] o.a.c.c.C.[Tomcat].[localhost].[/]       : Initializing Spring embedded WebApplicationContext
2026-01-10T14:05:47.894Z  INFO 3002 --- [librarian-app] [           main] w.s.c.ServletWebServerApplicationContext : Root WebApplicationContext: initialization completed in 12644 ms
2026-01-10T14:05:48.378Z DEBUG 3002 --- [librarian-app] [           main] com.zaxxer.hikari.HikariConfig           : Driver class com.mysql.cj.jdbc.Driver found in Thread context class loader jdk.internal.loader.ClassLoaders$AppClassLoader@639fee48
2026-01-10T14:05:48.475Z DEBUG 3002 --- [librarian-app] [           main] com.zaxxer.hikari.HikariConfig           : HikariPool-2 - configuration:
2026-01-10T14:05:48.476Z DEBUG 3002 --- [librarian-app] [           main] com.zaxxer.hikari.HikariConfig           : allowPoolSuspension.............false
2026-01-10T14:05:48.476Z DEBUG 3002 --- [librarian-app] [           main] com.zaxxer.hikari.HikariConfig           : autoCommit......................true
2026-01-10T14:05:48.476Z DEBUG 3002 --- [librarian-app] [           main] com.zaxxer.hikari.HikariConfig           : catalog.........................none
2026-01-10T14:05:48.476Z DEBUG 3002 --- [librarian-app] [           main] com.zaxxer.hikari.HikariConfig           : connectionInitSql...............none
2026-01-10T14:05:48.477Z DEBUG 3002 --- [librarian-app] [           main] com.zaxxer.hikari.HikariConfig           : connectionTestQuery.............none
2026-01-10T14:05:48.477Z DEBUG 3002 --- [librarian-app] [           main] com.zaxxer.hikari.HikariConfig           : connectionTimeout...............30000
2026-01-10T14:05:48.477Z DEBUG 3002 --- [librarian-app] [           main] com.zaxxer.hikari.HikariConfig           : dataSource......................none
2026-01-10T14:05:48.477Z DEBUG 3002 --- [librarian-app] [           main] com.zaxxer.hikari.HikariConfig           : dataSourceClassName.............none
2026-01-10T14:05:48.477Z DEBUG 3002 --- [librarian-app] [           main] com.zaxxer.hikari.HikariConfig           : dataSourceJNDI..................none
2026-01-10T14:05:48.477Z DEBUG 3002 --- [librarian-app] [           main] com.zaxxer.hikari.HikariConfig           : dataSourceProperties............{password=<masked>}
2026-01-10T14:05:48.477Z DEBUG 3002 --- [librarian-app] [           main] com.zaxxer.hikari.HikariConfig           : driverClassName................."com.mysql.cj.jdbc.Driver"
2026-01-10T14:05:48.477Z DEBUG 3002 --- [librarian-app] [           main] com.zaxxer.hikari.HikariConfig           : exceptionOverrideClassName......none
2026-01-10T14:05:48.477Z DEBUG 3002 --- [librarian-app] [           main] com.zaxxer.hikari.HikariConfig           : healthCheckProperties...........{}
2026-01-10T14:05:48.477Z DEBUG 3002 --- [librarian-app] [           main] com.zaxxer.hikari.HikariConfig           : healthCheckRegistry.............none
2026-01-10T14:05:48.478Z DEBUG 3002 --- [librarian-app] [           main] com.zaxxer.hikari.HikariConfig           : idleTimeout.....................600000
2026-01-10T14:05:48.480Z DEBUG 3002 --- [librarian-app] [           main] com.zaxxer.hikari.HikariConfig           : initializationFailTimeout.......1
2026-01-10T14:05:48.480Z DEBUG 3002 --- [librarian-app] [           main] com.zaxxer.hikari.HikariConfig           : isolateInternalQueries..........false
2026-01-10T14:05:48.480Z DEBUG 3002 --- [librarian-app] [           main] com.zaxxer.hikari.HikariConfig           : jdbcUrl.........................jdbc:mysql://localhost:56817/libbook?createDatabaseIfNotExist=true&allowMultiQueries=true
2026-01-10T14:05:48.481Z DEBUG 3002 --- [librarian-app] [           main] com.zaxxer.hikari.HikariConfig           : keepaliveTime...................0
2026-01-10T14:05:48.481Z DEBUG 3002 --- [librarian-app] [           main] com.zaxxer.hikari.HikariConfig           : leakDetectionThreshold..........0
2026-01-10T14:05:48.481Z DEBUG 3002 --- [librarian-app] [           main] com.zaxxer.hikari.HikariConfig           : maxLifetime.....................1800000
2026-01-10T14:05:48.481Z DEBUG 3002 --- [librarian-app] [           main] com.zaxxer.hikari.HikariConfig           : maximumPoolSize.................10
2026-01-10T14:05:48.481Z DEBUG 3002 --- [librarian-app] [           main] com.zaxxer.hikari.HikariConfig           : metricRegistry..................none
2026-01-10T14:05:48.481Z DEBUG 3002 --- [librarian-app] [           main] com.zaxxer.hikari.HikariConfig           : metricsTrackerFactory...........none
2026-01-10T14:05:48.481Z DEBUG 3002 --- [librarian-app] [           main] com.zaxxer.hikari.HikariConfig           : minimumIdle.....................10
2026-01-10T14:05:48.481Z DEBUG 3002 --- [librarian-app] [           main] com.zaxxer.hikari.HikariConfig           : password........................<masked>
2026-01-10T14:05:48.481Z DEBUG 3002 --- [librarian-app] [           main] com.zaxxer.hikari.HikariConfig           : poolName........................"HikariPool-2"
2026-01-10T14:05:48.482Z DEBUG 3002 --- [librarian-app] [           main] com.zaxxer.hikari.HikariConfig           : readOnly........................false
2026-01-10T14:05:48.483Z DEBUG 3002 --- [librarian-app] [           main] com.zaxxer.hikari.HikariConfig           : registerMbeans..................false
2026-01-10T14:05:48.483Z DEBUG 3002 --- [librarian-app] [           main] com.zaxxer.hikari.HikariConfig           : scheduledExecutor...............none
2026-01-10T14:05:48.484Z DEBUG 3002 --- [librarian-app] [           main] com.zaxxer.hikari.HikariConfig           : schema..........................none
2026-01-10T14:05:48.484Z DEBUG 3002 --- [librarian-app] [           main] com.zaxxer.hikari.HikariConfig           : threadFactory...................internal
2026-01-10T14:05:48.484Z DEBUG 3002 --- [librarian-app] [           main] com.zaxxer.hikari.HikariConfig           : transactionIsolation............default
2026-01-10T14:05:48.484Z DEBUG 3002 --- [librarian-app] [           main] com.zaxxer.hikari.HikariConfig           : username........................"root"
2026-01-10T14:05:48.484Z DEBUG 3002 --- [librarian-app] [           main] com.zaxxer.hikari.HikariConfig           : validationTimeout...............5000
2026-01-10T14:05:48.484Z  INFO 3002 --- [librarian-app] [           main] com.zaxxer.hikari.HikariDataSource       : HikariPool-2 - Starting...
2026-01-10T14:05:48.530Z  INFO 3002 --- [librarian-app] [           main] com.zaxxer.hikari.pool.HikariPool        : HikariPool-2 - Added connection com.mysql.cj.jdbc.ConnectionImpl@2095c331
2026-01-10T14:05:48.530Z  INFO 3002 --- [librarian-app] [           main] com.zaxxer.hikari.HikariDataSource       : HikariPool-2 - Start completed.
2026-01-10T14:05:48.631Z DEBUG 3002 --- [librarian-app] [l-2 housekeeper] com.zaxxer.hikari.pool.HikariPool        : HikariPool-2 - Pool stats (total=1, active=0, idle=1, waiting=0)
2026-01-10T14:05:48.668Z DEBUG 3002 --- [librarian-app] [onnection adder] com.zaxxer.hikari.pool.HikariPool        : HikariPool-2 - Added connection com.mysql.cj.jdbc.ConnectionImpl@367b18fd
2026-01-10T14:05:48.715Z DEBUG 3002 --- [librarian-app] [onnection adder] com.zaxxer.hikari.pool.HikariPool        : HikariPool-2 - Added connection com.mysql.cj.jdbc.ConnectionImpl@774612c6
2026-01-10T14:05:48.753Z DEBUG 3002 --- [librarian-app] [onnection adder] com.zaxxer.hikari.pool.HikariPool        : HikariPool-2 - Added connection com.mysql.cj.jdbc.ConnectionImpl@467b449d
2026-01-10T14:05:48.792Z DEBUG 3002 --- [librarian-app] [onnection adder] com.zaxxer.hikari.pool.HikariPool        : HikariPool-2 - Added connection com.mysql.cj.jdbc.ConnectionImpl@1769ed89
2026-01-10T14:05:48.838Z DEBUG 3002 --- [librarian-app] [onnection adder] com.zaxxer.hikari.pool.HikariPool        : HikariPool-2 - Added connection com.mysql.cj.jdbc.ConnectionImpl@4bfaaf0a
2026-01-10T14:05:48.870Z DEBUG 3002 --- [librarian-app] [onnection adder] com.zaxxer.hikari.pool.HikariPool        : HikariPool-2 - Added connection com.mysql.cj.jdbc.ConnectionImpl@4061dd6
2026-01-10T14:05:48.904Z DEBUG 3002 --- [librarian-app] [onnection adder] com.zaxxer.hikari.pool.HikariPool        : HikariPool-2 - Added connection com.mysql.cj.jdbc.ConnectionImpl@e957bbc
2026-01-10T14:05:48.935Z DEBUG 3002 --- [librarian-app] [onnection adder] com.zaxxer.hikari.pool.HikariPool        : HikariPool-2 - Added connection com.mysql.cj.jdbc.ConnectionImpl@11777037
2026-01-10T14:05:48.970Z DEBUG 3002 --- [librarian-app] [onnection adder] com.zaxxer.hikari.pool.HikariPool        : HikariPool-2 - Added connection com.mysql.cj.jdbc.ConnectionImpl@6ce9c712
2026-01-10T14:05:48.981Z DEBUG 3002 --- [librarian-app] [onnection adder] com.zaxxer.hikari.pool.HikariPool        : HikariPool-2 - After adding stats (total=10, active=0, idle=10, waiting=0)
2026-01-10T14:05:49.247Z  INFO 3002 --- [librarian-app] [           main] o.hibernate.jpa.internal.util.LogHelper  : HHH000204: Processing PersistenceUnitInfo [name: libbookPU]
2026-01-10T14:05:50.024Z  INFO 3002 --- [librarian-app] [           main] org.hibernate.Version                    : HHH000412: Hibernate ORM core version 6.4.10.Final
2026-01-10T14:05:50.511Z  INFO 3002 --- [librarian-app] [           main] o.h.c.internal.RegionFactoryInitiator    : HHH000026: Second-level cache disabled
2026-01-10T14:05:53.481Z  INFO 3002 --- [librarian-app] [           main] o.s.o.j.p.SpringPersistenceUnitInfo      : No LoadTimeWeaver setup: ignoring JPA class transformer
2026-01-10T14:05:53.630Z  WARN 3002 --- [librarian-app] [           main] org.hibernate.orm.connections.pooling    : HHH10001002: Using built-in connection pool (not intended for production use)
2026-01-10T14:05:53.858Z  INFO 3002 --- [librarian-app] [           main] org.hibernate.orm.connections.pooling    : HHH10001005: Loaded JDBC driver class: com.mysql.cj.jdbc.Driver
2026-01-10T14:05:53.859Z  INFO 3002 --- [librarian-app] [           main] org.hibernate.orm.connections.pooling    : HHH10001012: Connecting with JDBC URL [jdbc:mysql://localhost:56817/libbook?createDatabaseIfNotExist=true&allowMultiQueries=true]
2026-01-10T14:05:53.859Z  INFO 3002 --- [librarian-app] [           main] org.hibernate.orm.connections.pooling    : HHH10001001: Connection properties: {password=****, user=root}
2026-01-10T14:05:53.859Z  INFO 3002 --- [librarian-app] [           main] org.hibernate.orm.connections.pooling    : HHH10001003: Autocommit mode: false
2026-01-10T14:05:53.885Z  INFO 3002 --- [librarian-app] [           main] org.hibernate.orm.connections.pooling    : HHH10001115: Connection pool size: 20 (min=1)
2026-01-10T14:05:55.405Z  WARN 3002 --- [librarian-app] [           main] org.hibernate.orm.deprecation            : HHH90000025: MySQL8Dialect does not need to be specified explicitly using 'hibernate.dialect' (remove the property setting and it will be selected by default)
2026-01-10T14:05:55.415Z  WARN 3002 --- [librarian-app] [           main] org.hibernate.orm.deprecation            : HHH90000026: MySQL8Dialect has been deprecated; use org.hibernate.dialect.MySQLDialect instead
2026-01-10T14:05:58.625Z DEBUG 3002 --- [librarian-app] [           main] .h.t.s.s.SchemaManagementToolCoordinator : No schema actions specified for contributor `orm`; doing nothing
2026-01-10T14:06:04.133Z  INFO 3002 --- [librarian-app] [           main] o.h.e.t.j.p.i.JtaPlatformInitiator       : HHH000489: No JTA platform available (set 'hibernate.transaction.jta.platform' to enable JTA platform integration)
2026-01-10T14:06:04.147Z DEBUG 3002 --- [librarian-app] [           main] .h.t.s.s.SchemaManagementToolCoordinator : No schema actions specified for contributor `orm`; doing nothing
2026-01-10T14:06:04.147Z DEBUG 3002 --- [librarian-app] [           main] .h.t.s.s.SchemaManagementToolCoordinator : No actions found; doing nothing
2026-01-10T14:06:04.164Z  INFO 3002 --- [librarian-app] [           main] j.LocalContainerEntityManagerFactoryBean : Initialized JPA EntityManagerFactory for persistence unit 'libbookPU'
2026-01-10T14:06:04.231Z DEBUG 3002 --- [librarian-app] [           main] com.zaxxer.hikari.HikariConfig           : Driver class com.mysql.cj.jdbc.Driver found in Thread context class loader jdk.internal.loader.ClassLoaders$AppClassLoader@639fee48
2026-01-10T14:06:04.296Z  INFO 3002 --- [librarian-app] [           main] o.hibernate.jpa.internal.util.LogHelper  : HHH000204: Processing PersistenceUnitInfo [name: libdemoPU]
2026-01-10T14:06:04.406Z  INFO 3002 --- [librarian-app] [           main] o.h.c.internal.RegionFactoryInitiator    : HHH000026: Second-level cache disabled
2026-01-10T14:06:04.603Z  INFO 3002 --- [librarian-app] [           main] o.s.o.j.p.SpringPersistenceUnitInfo      : No LoadTimeWeaver setup: ignoring JPA class transformer
2026-01-10T14:06:04.618Z  WARN 3002 --- [librarian-app] [           main] org.hibernate.orm.connections.pooling    : HHH10001002: Using built-in connection pool (not intended for production use)
2026-01-10T14:06:04.618Z  INFO 3002 --- [librarian-app] [           main] org.hibernate.orm.connections.pooling    : HHH10001005: Loaded JDBC driver class: com.mysql.cj.jdbc.Driver
2026-01-10T14:06:04.618Z  INFO 3002 --- [librarian-app] [           main] org.hibernate.orm.connections.pooling    : HHH10001012: Connecting with JDBC URL [jdbc:mysql://localhost:56817/libdemo?createDatabaseIfNotExist=true&allowMultiQueries=true]
2026-01-10T14:06:04.618Z  INFO 3002 --- [librarian-app] [           main] org.hibernate.orm.connections.pooling    : HHH10001001: Connection properties: {password=****, user=root}
2026-01-10T14:06:04.618Z  INFO 3002 --- [librarian-app] [           main] org.hibernate.orm.connections.pooling    : HHH10001003: Autocommit mode: false
2026-01-10T14:06:04.619Z  INFO 3002 --- [librarian-app] [           main] org.hibernate.orm.connections.pooling    : HHH10001115: Connection pool size: 20 (min=1)
2026-01-10T14:06:04.648Z  WARN 3002 --- [librarian-app] [           main] org.hibernate.orm.deprecation            : HHH90000025: MySQL8Dialect does not need to be specified explicitly using 'hibernate.dialect' (remove the property setting and it will be selected by default)
2026-01-10T14:06:04.649Z  WARN 3002 --- [librarian-app] [           main] org.hibernate.orm.deprecation            : HHH90000026: MySQL8Dialect has been deprecated; use org.hibernate.dialect.MySQLDialect instead
2026-01-10T14:06:04.855Z DEBUG 3002 --- [librarian-app] [           main] .h.t.s.s.SchemaManagementToolCoordinator : No schema actions specified for contributor `orm`; doing nothing
2026-01-10T14:06:05.075Z  INFO 3002 --- [librarian-app] [           main] o.h.e.t.j.p.i.JtaPlatformInitiator       : HHH000489: No JTA platform available (set 'hibernate.transaction.jta.platform' to enable JTA platform integration)
2026-01-10T14:06:05.075Z DEBUG 3002 --- [librarian-app] [           main] .h.t.s.s.SchemaManagementToolCoordinator : No schema actions specified for contributor `orm`; doing nothing
2026-01-10T14:06:05.076Z DEBUG 3002 --- [librarian-app] [           main] .h.t.s.s.SchemaManagementToolCoordinator : No actions found; doing nothing
2026-01-10T14:06:05.076Z  INFO 3002 --- [librarian-app] [           main] j.LocalContainerEntityManagerFactoryBean : Initialized JPA EntityManagerFactory for persistence unit 'libdemoPU'
2026-01-10T14:06:07.570Z  INFO 3002 --- [librarian-app] [           main] o.s.d.j.r.query.QueryEnhancerFactory     : Hibernate is in classpath; If applicable, HQL parser will be used.
2026-01-10T14:06:11.476Z  INFO 3002 --- [librarian-app] [           main] c.example.librarian.config.KafkaConfig   : Kafka Bootstrap Servers: PLAINTEXT://localhost:56822
2026-01-10T14:06:11.485Z  INFO 3002 --- [librarian-app] [           main] c.example.librarian.config.KafkaConfig   : Kafka ProducerFactory configured with: bootstrap-servers=PLAINTEXT://localhost:56822, retries=3, linger-ms=10
2026-01-10T14:06:12.836Z  INFO 3002 --- [librarian-app] [           main] c.example.librarian.config.KafkaConfig   : Kafka Bootstrap Servers: PLAINTEXT://localhost:56822
2026-01-10T14:06:14.108Z DEBUG 3002 --- [librarian-app] [           main] s.w.s.m.m.a.RequestMappingHandlerMapping : 6 mappings in 'requestMappingHandlerMapping'
2026-01-10T14:06:14.801Z DEBUG 3002 --- [librarian-app] [           main] o.s.w.s.handler.SimpleUrlHandlerMapping  : Patterns [/webjars/**, /**] in 'resourceHandlerMapping'
2026-01-10T14:06:15.025Z DEBUG 3002 --- [librarian-app] [           main] s.w.s.m.m.a.RequestMappingHandlerAdapter : ControllerAdvice beans: 0 @ModelAttribute, 0 @InitBinder, 1 RequestBodyAdvice, 1 ResponseBodyAdvice
2026-01-10T14:06:15.818Z DEBUG 3002 --- [librarian-app] [           main] .m.m.a.ExceptionHandlerExceptionResolver : ControllerAdvice beans: 1 @ExceptionHandler, 1 ResponseBodyAdvice
2026-01-10T14:06:17.041Z  INFO 3002 --- [librarian-app] [           main] o.a.k.clients.admin.AdminClientConfig    : AdminClientConfig values: 
	auto.include.jmx.reporter = true
	bootstrap.servers = [PLAINTEXT://localhost:56822]
	client.dns.lookup = use_all_dns_ips
	client.id = 
	connections.max.idle.ms = 300000
	default.api.timeout.ms = 60000
	metadata.max.age.ms = 300000
	metric.reporters = []
	metrics.num.samples = 2
	metrics.recording.level = INFO
	metrics.sample.window.ms = 30000
	receive.buffer.bytes = 65536
	reconnect.backoff.max.ms = 1000
	reconnect.backoff.ms = 50
	request.timeout.ms = 5000
	retries = 2147483647
	retry.backoff.ms = 100
	sasl.client.callback.handler.class = null
	sasl.jaas.config = null
	sasl.kerberos.kinit.cmd = /usr/bin/kinit
	sasl.kerberos.min.time.before.relogin = 60000
	sasl.kerberos.service.name = null
	sasl.kerberos.ticket.renew.jitter = 0.05
	sasl.kerberos.ticket.renew.window.factor = 0.8
	sasl.login.callback.handler.class = null
	sasl.login.class = null
	sasl.login.connect.timeout.ms = null
	sasl.login.read.timeout.ms = null
	sasl.login.refresh.buffer.seconds = 300
	sasl.login.refresh.min.period.seconds = 60
	sasl.login.refresh.window.factor = 0.8
	sasl.login.refresh.window.jitter = 0.05
	sasl.login.retry.backoff.max.ms = 10000
	sasl.login.retry.backoff.ms = 100
	sasl.mechanism = GSSAPI
	sasl.oauthbearer.clock.skew.seconds = 30
	sasl.oauthbearer.expected.audience = null
	sasl.oauthbearer.expected.issuer = null
	sasl.oauthbearer.jwks.endpoint.refresh.ms = 3600000
	sasl.oauthbearer.jwks.endpoint.retry.backoff.max.ms = 10000
	sasl.oauthbearer.jwks.endpoint.retry.backoff.ms = 100
	sasl.oauthbearer.jwks.endpoint.url = null
	sasl.oauthbearer.scope.claim.name = scope
	sasl.oauthbearer.sub.claim.name = sub
	sasl.oauthbearer.token.endpoint.url = null
	security.protocol = PLAINTEXT
	security.providers = null
	send.buffer.bytes = 131072
	socket.connection.setup.timeout.max.ms = 30000
	socket.connection.setup.timeout.ms = 10000
	ssl.cipher.suites = null
	ssl.enabled.protocols = [TLSv1.2, TLSv1.3]
	ssl.endpoint.identification.algorithm = https
	ssl.engine.factory.class = null
	ssl.key.password = null
	ssl.keymanager.algorithm = SunX509
	ssl.keystore.certificate.chain = null
	ssl.keystore.key = null
	ssl.keystore.location = null
	ssl.keystore.password = null
	ssl.keystore.type = JKS
	ssl.protocol = TLSv1.3
	ssl.provider = null
	ssl.secure.random.implementation = null
	ssl.trustmanager.algorithm = PKIX
	ssl.truststore.certificates = null
	ssl.truststore.location = null
	ssl.truststore.password = null
	ssl.truststore.type = JKS

2026-01-10T14:06:18.065Z  INFO 3002 --- [librarian-app] [           main] o.a.kafka.common.utils.AppInfoParser     : Kafka version: 3.6.2
2026-01-10T14:06:18.065Z  INFO 3002 --- [librarian-app] [           main] o.a.kafka.common.utils.AppInfoParser     : Kafka commitId: c4deed513057c94e
2026-01-10T14:06:18.065Z  INFO 3002 --- [librarian-app] [           main] o.a.kafka.common.utils.AppInfoParser     : Kafka startTimeMs: 1768053978044
2026-01-10T14:06:18.640Z DEBUG 3002 --- [librarian-app] [l-2 housekeeper] com.zaxxer.hikari.pool.HikariPool        : HikariPool-2 - Pool stats (total=10, active=0, idle=10, waiting=0)
2026-01-10T14:06:18.641Z DEBUG 3002 --- [librarian-app] [l-2 housekeeper] com.zaxxer.hikari.pool.HikariPool        : HikariPool-2 - Fill pool skipped, pool has sufficient level or currently being filled (queueDepth=0).
2026-01-10T14:06:21.996Z  INFO 3002 --- [librarian-app] [| adminclient-1] o.a.kafka.common.utils.AppInfoParser     : App info kafka.admin.client for adminclient-1 unregistered
2026-01-10T14:06:22.009Z  INFO 3002 --- [librarian-app] [| adminclient-1] o.apache.kafka.common.metrics.Metrics    : Metrics scheduler closed
2026-01-10T14:06:22.009Z  INFO 3002 --- [librarian-app] [| adminclient-1] o.apache.kafka.common.metrics.Metrics    : Closing reporter org.apache.kafka.common.metrics.JmxReporter
2026-01-10T14:06:22.010Z  INFO 3002 --- [librarian-app] [| adminclient-1] o.apache.kafka.common.metrics.Metrics    : Metrics reporters closed
2026-01-10T14:06:22.160Z  INFO 3002 --- [librarian-app] [           main] o.s.b.w.embedded.tomcat.TomcatWebServer  : Tomcat started on port 38095 (http) with context path ''
2026-01-10T14:06:22.200Z  INFO 3002 --- [librarian-app] [           main] c.e.l.BookServiceIntegrationTest         : Started BookServiceIntegrationTest in 52.021 seconds (process running for 112.949)
[DEBUG] libbook.datasource.url=jdbc:mysql://localhost:56817/libbook?createDatabaseIfNotExist=true&allowMultiQueries=true
2026-01-10T14:06:23.004Z DEBUG 3002 --- [librarian-app] [   scheduling-1] org.hibernate.SQL                        : select oe1_0.event_id,oe1_0.book_id,oe1_0.created_at,oe1_0.event_type,oe1_0.new_status,oe1_0.payload_json,oe1_0.processed,oe1_0.status,oe1_0.user_id from libbook.book_event_outbox oe1_0 where not(oe1_0.processed) order by oe1_0.created_at limit ?
2026-01-10T14:06:23.091Z TRACE 3002 --- [librarian-app] [   scheduling-1] org.hibernate.orm.jdbc.bind              : binding parameter (1:INTEGER) <- [100]
2026-01-10T14:06:25.939Z DEBUG 3002 --- [librarian-app] [           main] org.hibernate.SQL                        : select b1_0.book_id,b1_0.author,b1_0.created_at,b1_0.status,b1_0.title,b1_0.updated_at from libbook.books b1_0 where b1_0.book_id=?
2026-01-10T14:06:25.940Z TRACE 3002 --- [librarian-app] [           main] org.hibernate.orm.jdbc.bind              : binding parameter (1:VARCHAR) <- [b_100]
2026-01-10T14:06:26.198Z DEBUG 3002 --- [librarian-app] [           main] org.hibernate.SQL                        : update libbook.books set author=?,status=?,title=? where book_id=?
2026-01-10T14:06:26.206Z TRACE 3002 --- [librarian-app] [           main] org.hibernate.orm.jdbc.bind              : binding parameter (1:VARCHAR) <- [George Orwell]
2026-01-10T14:06:26.207Z TRACE 3002 --- [librarian-app] [           main] org.hibernate.orm.jdbc.bind              : binding parameter (2:VARCHAR) <- [Available]
2026-01-10T14:06:26.207Z TRACE 3002 --- [librarian-app] [           main] org.hibernate.orm.jdbc.bind              : binding parameter (3:VARCHAR) <- [1984]
2026-01-10T14:06:26.207Z TRACE 3002 --- [librarian-app] [           main] org.hibernate.orm.jdbc.bind              : binding parameter (4:VARCHAR) <- [b_100]
2026-01-10T14:06:26.419Z DEBUG 3002 --- [librarian-app] [           main] o.s.web.client.RestTemplate              : HTTP POST http://localhost:38095/books/checkout
2026-01-10T14:06:26.453Z DEBUG 3002 --- [librarian-app] [           main] o.s.web.client.RestTemplate              : Accept=[application/json, application/*+json]
2026-01-10T14:06:26.518Z DEBUG 3002 --- [librarian-app] [           main] o.s.web.client.RestTemplate              : Writing [{userId=100, bookId=b_100}] as "application/json"
2026-01-10T14:06:26.956Z  INFO 3002 --- [librarian-app] [o-auto-1-exec-1] o.a.c.c.C.[Tomcat].[localhost].[/]       : Initializing Spring DispatcherServlet 'dispatcherServlet'
2026-01-10T14:06:26.957Z  INFO 3002 --- [librarian-app] [o-auto-1-exec-1] o.s.web.servlet.DispatcherServlet        : Initializing Servlet 'dispatcherServlet'
2026-01-10T14:06:26.957Z DEBUG 3002 --- [librarian-app] [o-auto-1-exec-1] o.s.web.servlet.DispatcherServlet        : Detected StandardServletMultipartResolver
2026-01-10T14:06:26.957Z DEBUG 3002 --- [librarian-app] [o-auto-1-exec-1] o.s.web.servlet.DispatcherServlet        : Detected AcceptHeaderLocaleResolver
2026-01-10T14:06:26.957Z DEBUG 3002 --- [librarian-app] [o-auto-1-exec-1] o.s.web.servlet.DispatcherServlet        : Detected FixedThemeResolver
2026-01-10T14:06:26.959Z DEBUG 3002 --- [librarian-app] [o-auto-1-exec-1] o.s.web.servlet.DispatcherServlet        : Detected org.springframework.web.servlet.view.DefaultRequestToViewNameTranslator@5e18309e
2026-01-10T14:06:26.959Z DEBUG 3002 --- [librarian-app] [o-auto-1-exec-1] o.s.web.servlet.DispatcherServlet        : Detected org.springframework.web.servlet.support.SessionFlashMapManager@3569f0f1
2026-01-10T14:06:26.959Z DEBUG 3002 --- [librarian-app] [o-auto-1-exec-1] o.s.web.servlet.DispatcherServlet        : enableLoggingRequestDetails='false': request parameters and headers will be masked to prevent unsafe logging of potentially sensitive data
2026-01-10T14:06:26.960Z  INFO 3002 --- [librarian-app] [o-auto-1-exec-1] o.s.web.servlet.DispatcherServlet        : Completed initialization in 2 ms
2026-01-10T14:06:27.015Z DEBUG 3002 --- [librarian-app] [o-auto-1-exec-1] o.s.web.servlet.DispatcherServlet        : POST "/books/checkout", parameters={}
2026-01-10T14:06:27.098Z DEBUG 3002 --- [librarian-app] [o-auto-1-exec-1] s.w.s.m.m.a.RequestMappingHandlerMapping : Mapped to com.example.librarian.controller.LibrarianController#checkoutBook(CheckoutRequest)
2026-01-10T14:06:27.661Z DEBUG 3002 --- [librarian-app] [o-auto-1-exec-1] m.m.a.RequestResponseBodyMethodProcessor : Read "application/json;charset=UTF-8" to [com.example.librarian.dto.CheckoutRequest@63eae24c]
2026-01-10T14:06:28.104Z  INFO 3002 --- [librarian-app] [o-auto-1-exec-1] c.e.librarian.service.LibrarianService   : Processing checkout request for userId: 100, bookId: b_100
2026-01-10T14:06:28.136Z DEBUG 3002 --- [librarian-app] [   scheduling-1] org.hibernate.SQL                        : select oe1_0.event_id,oe1_0.book_id,oe1_0.created_at,oe1_0.event_type,oe1_0.new_status,oe1_0.payload_json,oe1_0.processed,oe1_0.status,oe1_0.user_id from libbook.book_event_outbox oe1_0 where not(oe1_0.processed) order by oe1_0.created_at limit ?
2026-01-10T14:06:28.177Z TRACE 3002 --- [librarian-app] [   scheduling-1] org.hibernate.orm.jdbc.bind              : binding parameter (1:INTEGER) <- [100]
2026-01-10T14:06:28.236Z DEBUG 3002 --- [librarian-app] [o-auto-1-exec-1] org.hibernate.SQL                        : select count(*) from users u1_0 where u1_0.id=?
2026-01-10T14:06:28.236Z TRACE 3002 --- [librarian-app] [o-auto-1-exec-1] org.hibernate.orm.jdbc.bind              : binding parameter (1:BIGINT) <- [100]
2026-01-10T14:06:28.250Z DEBUG 3002 --- [librarian-app] [o-auto-1-exec-1] org.hibernate.SQL                        : select b1_0.book_id,b1_0.author,b1_0.created_at,b1_0.status,b1_0.title,b1_0.updated_at from libbook.books b1_0 where b1_0.book_id=?
2026-01-10T14:06:28.250Z TRACE 3002 --- [librarian-app] [o-auto-1-exec-1] org.hibernate.orm.jdbc.bind              : binding parameter (1:VARCHAR) <- [b_100]
2026-01-10T14:06:28.293Z DEBUG 3002 --- [librarian-app] [o-auto-1-exec-1] org.hibernate.SQL                        : select l1_0.loan_id from libbook.loans l1_0 where l1_0.book_id=? and l1_0.state=? limit ?
2026-01-10T14:06:28.294Z TRACE 3002 --- [librarian-app] [o-auto-1-exec-1] org.hibernate.orm.jdbc.bind              : binding parameter (1:VARCHAR) <- [b_100]
2026-01-10T14:06:28.294Z TRACE 3002 --- [librarian-app] [o-auto-1-exec-1] org.hibernate.orm.jdbc.bind              : binding parameter (2:VARCHAR) <- [Open]
2026-01-10T14:06:28.294Z TRACE 3002 --- [librarian-app] [o-auto-1-exec-1] org.hibernate.orm.jdbc.bind              : binding parameter (3:INTEGER) <- [1]
2026-01-10T14:06:28.334Z DEBUG 3002 --- [librarian-app] [o-auto-1-exec-1] org.hibernate.SQL                        : insert into libbook.loans (book_id,checkout_date,correlation_id,due_date,return_date,state,user_id) values (?,?,?,?,?,?,?)
2026-01-10T14:06:28.339Z TRACE 3002 --- [librarian-app] [o-auto-1-exec-1] org.hibernate.orm.jdbc.bind              : binding parameter (1:VARCHAR) <- [b_100]
2026-01-10T14:06:28.340Z TRACE 3002 --- [librarian-app] [o-auto-1-exec-1] org.hibernate.orm.jdbc.bind              : binding parameter (2:DATE) <- [2026-01-10]
2026-01-10T14:06:28.340Z TRACE 3002 --- [librarian-app] [o-auto-1-exec-1] org.hibernate.orm.jdbc.bind              : binding parameter (3:VARCHAR) <- [38b56802-cd2c-4640-81d2-85ea9376e447]
2026-01-10T14:06:28.341Z TRACE 3002 --- [librarian-app] [o-auto-1-exec-1] org.hibernate.orm.jdbc.bind              : binding parameter (4:DATE) <- [2026-01-24]
2026-01-10T14:06:28.341Z TRACE 3002 --- [librarian-app] [o-auto-1-exec-1] org.hibernate.orm.jdbc.bind              : binding parameter (5:TIMESTAMP) <- [null]
2026-01-10T14:06:28.346Z TRACE 3002 --- [librarian-app] [o-auto-1-exec-1] org.hibernate.orm.jdbc.bind              : binding parameter (6:VARCHAR) <- [Open]
2026-01-10T14:06:28.347Z TRACE 3002 --- [librarian-app] [o-auto-1-exec-1] org.hibernate.orm.jdbc.bind              : binding parameter (7:BIGINT) <- [100]
2026-01-10T14:06:28.570Z  INFO 3002 --- [librarian-app] [o-auto-1-exec-1] o.a.k.clients.producer.ProducerConfig    : ProducerConfig values: 
	acks = -1
	auto.include.jmx.reporter = true
	batch.size = 16384
	bootstrap.servers = [PLAINTEXT://localhost:56822]
	buffer.memory = 33554432
	client.dns.lookup = use_all_dns_ips
	client.id = producer-1
	compression.type = none
	connections.max.idle.ms = 540000
	delivery.timeout.ms = 120000
	enable.idempotence = true
	interceptor.classes = []
	key.serializer = class org.apache.kafka.common.serialization.StringSerializer
	linger.ms = 10
	max.block.ms = 5000
	max.in.flight.requests.per.connection = 5
	max.request.size = 1048576
	metadata.max.age.ms = 300000
	metadata.max.idle.ms = 300000
	metric.reporters = []
	metrics.num.samples = 2
	metrics.recording.level = INFO
	metrics.sample.window.ms = 30000
	partitioner.adaptive.partitioning.enable = true
	partitioner.availability.timeout.ms = 0
	partitioner.class = null
	partitioner.ignore.keys = false
	receive.buffer.bytes = 32768
	reconnect.backoff.max.ms = 1000
	reconnect.backoff.ms = 50
	request.timeout.ms = 30000
	retries = 3
	retry.backoff.ms = 100
	sasl.client.callback.handler.class = null
	sasl.jaas.config = null
	sasl.kerberos.kinit.cmd = /usr/bin/kinit
	sasl.kerberos.min.time.before.relogin = 60000
	sasl.kerberos.service.name = null
	sasl.kerberos.ticket.renew.jitter = 0.05
	sasl.kerberos.ticket.renew.window.factor = 0.8
	sasl.login.callback.handler.class = null
	sasl.login.class = null
	sasl.login.connect.timeout.ms = null
	sasl.login.read.timeout.ms = null
	sasl.login.refresh.buffer.seconds = 300
	sasl.login.refresh.min.period.seconds = 60
	sasl.login.refresh.window.factor = 0.8
	sasl.login.refresh.window.jitter = 0.05
	sasl.login.retry.backoff.max.ms = 10000
	sasl.login.retry.backoff.ms = 100
	sasl.mechanism = GSSAPI
	sasl.oauthbearer.clock.skew.seconds = 30
	sasl.oauthbearer.expected.audience = null
	sasl.oauthbearer.expected.issuer = null
	sasl.oauthbearer.jwks.endpoint.refresh.ms = 3600000
	sasl.oauthbearer.jwks.endpoint.retry.backoff.max.ms = 10000
	sasl.oauthbearer.jwks.endpoint.retry.backoff.ms = 100
	sasl.oauthbearer.jwks.endpoint.url = null
	sasl.oauthbearer.scope.claim.name = scope
	sasl.oauthbearer.sub.claim.name = sub
	sasl.oauthbearer.token.endpoint.url = null
	security.protocol = PLAINTEXT
	security.providers = null
	send.buffer.bytes = 131072
	socket.connection.setup.timeout.max.ms = 30000
	socket.connection.setup.timeout.ms = 10000
	ssl.cipher.suites = null
	ssl.enabled.protocols = [TLSv1.2, TLSv1.3]
	ssl.endpoint.identification.algorithm = https
	ssl.engine.factory.class = null
	ssl.key.password = null
	ssl.keymanager.algorithm = SunX509
	ssl.keystore.certificate.chain = null
	ssl.keystore.key = null
	ssl.keystore.location = null
	ssl.keystore.password = null
	ssl.keystore.type = JKS
	ssl.protocol = TLSv1.3
	ssl.provider = null
	ssl.secure.random.implementation = null
	ssl.trustmanager.algorithm = PKIX
	ssl.truststore.certificates = null
	ssl.truststore.location = null
	ssl.truststore.password = null
	ssl.truststore.type = JKS
	transaction.timeout.ms = 60000
	transactional.id = null
	value.serializer = class org.apache.kafka.common.serialization.StringSerializer

2026-01-10T14:06:28.628Z  INFO 3002 --- [librarian-app] [o-auto-1-exec-1] o.a.k.clients.producer.KafkaProducer     : [Producer clientId=producer-1] Instantiated an idempotent producer.
2026-01-10T14:06:28.712Z  INFO 3002 --- [librarian-app] [o-auto-1-exec-1] o.a.kafka.common.utils.AppInfoParser     : Kafka version: 3.6.2
2026-01-10T14:06:28.712Z  INFO 3002 --- [librarian-app] [o-auto-1-exec-1] o.a.kafka.common.utils.AppInfoParser     : Kafka commitId: c4deed513057c94e
2026-01-10T14:06:28.712Z  INFO 3002 --- [librarian-app] [o-auto-1-exec-1] o.a.kafka.common.utils.AppInfoParser     : Kafka startTimeMs: 1768053988711
2026-01-10T14:06:28.792Z  INFO 3002 --- [librarian-app] [ad | producer-1] org.apache.kafka.clients.Metadata        : [Producer clientId=producer-1] Cluster ID: 7HTJd_bCToGSKeMq1A_EaQ
2026-01-10T14:06:28.830Z  INFO 3002 --- [librarian-app] [ad | producer-1] o.a.k.c.p.internals.TransactionManager   : [Producer clientId=producer-1] ProducerId set to 0 with epoch 0
2026-01-10T14:06:28.945Z DEBUG 3002 --- [librarian-app] [o-auto-1-exec-1] org.hibernate.SQL                        : insert into libbook.book_event_outbox (book_id,created_at,event_type,new_status,payload_json,processed,status,user_id) values (?,?,?,?,?,?,?,?)
2026-01-10T14:06:28.946Z TRACE 3002 --- [librarian-app] [o-auto-1-exec-1] org.hibernate.orm.jdbc.bind              : binding parameter (1:VARCHAR) <- [b_100]
2026-01-10T14:06:28.947Z TRACE 3002 --- [librarian-app] [o-auto-1-exec-1] org.hibernate.orm.jdbc.bind              : binding parameter (2:TIMESTAMP) <- [2026-01-10T14:06:28.941083686]
2026-01-10T14:06:28.948Z TRACE 3002 --- [librarian-app] [o-auto-1-exec-1] org.hibernate.orm.jdbc.bind              : binding parameter (3:VARCHAR) <- [BookCheckedOut]
2026-01-10T14:06:28.948Z TRACE 3002 --- [librarian-app] [o-auto-1-exec-1] org.hibernate.orm.jdbc.bind              : binding parameter (4:VARCHAR) <- [CheckedOut]
2026-01-10T14:06:28.949Z TRACE 3002 --- [librarian-app] [o-auto-1-exec-1] org.hibernate.orm.jdbc.bind              : binding parameter (5:VARCHAR) <- [{"correlationId":"38b56802-cd2c-4640-81d2-85ea9376e447","userId":100,"loanId":2,"bookId":"b_100"}]
2026-01-10T14:06:28.951Z TRACE 3002 --- [librarian-app] [o-auto-1-exec-1] org.hibernate.orm.jdbc.bind              : binding parameter (6:BOOLEAN) <- [false]
2026-01-10T14:06:28.951Z TRACE 3002 --- [librarian-app] [o-auto-1-exec-1] org.hibernate.orm.jdbc.bind              : binding parameter (7:VARCHAR) <- [PENDING]
2026-01-10T14:06:28.951Z TRACE 3002 --- [librarian-app] [o-auto-1-exec-1] org.hibernate.orm.jdbc.bind              : binding parameter (8:BIGINT) <- [100]
2026-01-10T14:06:28.986Z DEBUG 3002 --- [librarian-app] [o-auto-1-exec-1] org.hibernate.SQL                        : update libbook.books set author=?,status=?,title=? where book_id=?
2026-01-10T14:06:28.986Z TRACE 3002 --- [librarian-app] [o-auto-1-exec-1] org.hibernate.orm.jdbc.bind              : binding parameter (1:VARCHAR) <- [George Orwell]
2026-01-10T14:06:28.986Z TRACE 3002 --- [librarian-app] [o-auto-1-exec-1] org.hibernate.orm.jdbc.bind              : binding parameter (2:VARCHAR) <- [CheckedOut]
2026-01-10T14:06:28.986Z TRACE 3002 --- [librarian-app] [o-auto-1-exec-1] org.hibernate.orm.jdbc.bind              : binding parameter (3:VARCHAR) <- [1984]
2026-01-10T14:06:28.986Z TRACE 3002 --- [librarian-app] [o-auto-1-exec-1] org.hibernate.orm.jdbc.bind              : binding parameter (4:VARCHAR) <- [b_100]
2026-01-10T14:06:29.071Z DEBUG 3002 --- [librarian-app] [o-auto-1-exec-1] o.s.w.s.m.m.a.HttpEntityMethodProcessor  : Using 'application/json', given [application/json, application/*+json] and supported [application/json, application/*+json]
2026-01-10T14:06:29.077Z DEBUG 3002 --- [librarian-app] [o-auto-1-exec-1] o.s.w.s.m.m.a.HttpEntityMethodProcessor  : Writing [com.example.librarian.dto.CheckoutResponse@777a936f]
2026-01-10T14:06:29.100Z DEBUG 3002 --- [librarian-app] [o-auto-1-exec-1] o.s.web.servlet.DispatcherServlet        : Completed 200 OK
2026-01-10T14:06:29.108Z DEBUG 3002 --- [librarian-app] [           main] o.s.web.client.RestTemplate              : Response 200 OK
2026-01-10T14:06:29.118Z DEBUG 3002 --- [librarian-app] [           main] o.s.web.client.RestTemplate              : Reading to [java.util.Map<?, ?>]
2026-01-10T14:06:29.891Z DEBUG 3002 --- [librarian-app] [aitility-thread] org.hibernate.SQL                        : select oe1_0.event_id,oe1_0.book_id,oe1_0.created_at,oe1_0.event_type,oe1_0.new_status,oe1_0.payload_json,oe1_0.processed,oe1_0.status,oe1_0.user_id from libbook.book_event_outbox oe1_0 where not(oe1_0.processed) order by oe1_0.created_at limit ?
2026-01-10T14:06:29.894Z TRACE 3002 --- [librarian-app] [aitility-thread] org.hibernate.orm.jdbc.bind              : binding parameter (1:INTEGER) <- [100]
2026-01-10T14:06:29.938Z DEBUG 3002 --- [librarian-app] [aitility-thread] org.hibernate.SQL                        : update libbook.book_event_outbox set book_id=?,created_at=?,event_type=?,new_status=?,payload_json=?,processed=?,status=?,user_id=? where event_id=?
2026-01-10T14:06:29.938Z TRACE 3002 --- [librarian-app] [aitility-thread] org.hibernate.orm.jdbc.bind              : binding parameter (1:VARCHAR) <- [b_100]
2026-01-10T14:06:29.939Z TRACE 3002 --- [librarian-app] [aitility-thread] org.hibernate.orm.jdbc.bind              : binding parameter (2:TIMESTAMP) <- [2026-01-10T14:06:29]
2026-01-10T14:06:29.939Z TRACE 3002 --- [librarian-app] [aitility-thread] org.hibernate.orm.jdbc.bind              : binding parameter (3:VARCHAR) <- [BookCheckedOut]
2026-01-10T14:06:29.939Z TRACE 3002 --- [librarian-app] [aitility-thread] org.hibernate.orm.jdbc.bind              : binding parameter (4:VARCHAR) <- [CheckedOut]
2026-01-10T14:06:29.939Z TRACE 3002 --- [librarian-app] [aitility-thread] org.hibernate.orm.jdbc.bind              : binding parameter (5:VARCHAR) <- [{"correlationId":"38b56802-cd2c-4640-81d2-85ea9376e447","userId":100,"loanId":2,"bookId":"b_100"}]
2026-01-10T14:06:29.939Z TRACE 3002 --- [librarian-app] [aitility-thread] org.hibernate.orm.jdbc.bind              : binding parameter (6:BOOLEAN) <- [true]
2026-01-10T14:06:29.939Z TRACE 3002 --- [librarian-app] [aitility-thread] org.hibernate.orm.jdbc.bind              : binding parameter (7:VARCHAR) <- [PENDING]
2026-01-10T14:06:29.939Z TRACE 3002 --- [librarian-app] [aitility-thread] org.hibernate.orm.jdbc.bind              : binding parameter (8:BIGINT) <- [100]
2026-01-10T14:06:29.939Z TRACE 3002 --- [librarian-app] [aitility-thread] org.hibernate.orm.jdbc.bind              : binding parameter (9:BIGINT) <- [1]
2026-01-10T14:06:29.959Z DEBUG 3002 --- [librarian-app] [aitility-thread] org.hibernate.SQL                        : select oe1_0.event_id,oe1_0.book_id,oe1_0.created_at,oe1_0.event_type,oe1_0.new_status,oe1_0.payload_json,oe1_0.processed,oe1_0.status,oe1_0.user_id from libbook.book_event_outbox oe1_0
]]></system-out>
    <system-err><![CDATA[WARNING: A Java agent has been loaded dynamically (/home/eelan/.m2/repository/net/bytebuddy/byte-buddy-agent/1.14.19/byte-buddy-agent-1.14.19.jar)
WARNING: If a serviceability tool is in use, please run with -XX:+EnableDynamicAgentLoading to hide this warning
WARNING: If a serviceability tool is not in use, please run with -Djdk.instrument.traceUsage for more information
WARNING: Dynamic loading of agents will be disallowed by default in a future release
]]></system-err>
  </testcase>
</testsuite>